starting: 111 model ids
OK   food_burger.glb (30480 b)
OK   pot_of_stew.glb (50244 b)
OK   cut_tomatoes.glb (43864 b)
OK   tomato.glb (32724 b)
OK   pan.glb (34272 b)
OK   cheese_cut.glb (33124 b)
OK   large_pot.glb (39936 b)
OK   crate_of_buns.glb (125960 b)
OK   burger_patty.glb (29908 b)
OK   door.glb (34856 b)
OK   crate_of_onions.glb (83848 b)
OK   chef_knife.glb (27728 b)
OK   kitchen_cabinet_corner.glb (31808 b)
OK   planks.glb (35680 b)
OK   shelf_papertowel.glb (57708 b)
OK   ketchup.glb (29620 b)
OK   burger_buns.glb (38828 b)
OK   menu.glb (28452 b)
OK   chair.glb (39784 b)
OK   cooked_vegie_burger.glb (39600 b)
OK   modular_kitchen_parts.glb (242488 b)
OK   lettuce_cut.glb (38952 b)
OK   pot_a.glb (36184 b)
OK   lettuce.glb (29080 b)
OK   onion_cut.glb (49008 b)
OK   bowl_dirty.glb (34372 b)
OK   floor_kitchen.glb (26408 b)
OK   pillar_b.glb (26248 b)
OK   kitchen_table.glb (35008 b)
OK   round_table.glb (35724 b)
OK   stew_bowl.glb (37860 b)
OK   tomato_EVTveOjwHG.glb (36508 b)
OK   oven.glb (58624 b)
OK   raw_ham.glb (31864 b)
OK   crate_lettuce.glb (92604 b)
OK   bowl_small.glb (31944 b)
OK   round_table_KZXCuGx1WZ.glb (35704 b)
OK   crate_of_potatoes.glb (53144 b)
OK   table.glb (101148 b)
OK   stove.glb (58872 b)
OK   door_MSIuI2jpqb.glb (34856 b)
OK   pot.glb (36184 b)
OK   crate_cheese.glb (73432 b)
OK   pan_O5t9nVpPjd.glb (34056 b)
OK   towel_rail.glb (31228 b)
OK   kitchen_cabinet_corner_Pieyzl60FA.glb (31628 b)
OK   cheese.glb (33260 b)
OK   onion.glb (33532 b)
OK   cooked_ham.glb (31880 b)
OK   cutting_board.glb (25388 b)
OK   vegie_burger_patty.glb (39028 b)
OK   onion_rings.glb (37804 b)
OK   lid_large.glb (30232 b)
OK   burger_bun_top.glb (35172 b)
OK   stove_with_multi_burner.glb (77976 b)
OK   fridge.glb (113720 b)
OK   potato.glb (24520 b)
OK   dirty_plate.glb (34284 b)
OK   stove_single.glb (59648 b)
OK   lid_a.glb (30352 b)
OK   burger_bun_bottom.glb (28152 b)
OK   table_with_food.glb (195916 b)
OK   burger.glb (85492 b)
OK   crate_of_tomatoes.glb (105096 b)
OK   extractorhood.glb (35088 b)
OK   crate_of_carrots.glb (86372 b)
OK   carrot.glb (33272 b)
OK   potato_acwBoZQNdm.glb (26688 b)
OK   cut_carrots.glb (45356 b)
OK   crate_of_ham.glb (49564 b)
OK   lid_b.glb (30352 b)
OK   bowl.glb (31420 b)
OK   raw_steak.glb (36640 b)
OK   raw_steak_cubes.glb (32476 b)
OK   stove_cT99QUoCCn.glb (40928 b)
OK   kitchen_cabinet.glb (30684 b)
OK   dishrack.glb (61560 b)
OK   paper_towel.glb (31712 b)
OK   chair_eGccH9cqom.glb (39784 b)
OK   table_round_a_small.glb (53960 b)
OK   mustard_bottle.glb (29620 b)
OK   burnt_ham.glb (31876 b)
OK   kitchen_table_hM1OMnevjc.glb (34872 b)
OK   burnt_burger.glb (30476 b)
OK   vegetable_burger.glb (92592 b)
OK   crate_of_steaks.glb (72488 b)
OK   kitchentable_sink.glb (55708 b)
OK   cheese_slice.glb (25228 b)
OK   table_with_sink.glb (61720 b)
OK   modular_walls.glb (115196 b)
OK   kitchen_table_jrwQfpN0LV.glb (35008 b)
OK   chair_stool.glb (33196 b)
OK   kitchen_table_ocdwmd2IKZ.glb (34872 b)
OK   round_table_oravj1kSy2.glb (36176 b)
OK   pillar.glb (26244 b)
OK   stew.glb (37860 b)
OK   dishrack_phJwmk2B4X.glb (36964 b)
OK   pan_a.glb (34272 b)
OK   stew_rPa4vEsC9c.glb (46120 b)
OK   plate.glb (29308 b)
OK   kitchen_cabinet_sS6Llv1TG5.glb (30800 b)
OK   kitchentable_sink_la.glb (129068 b)
OK   shelf_papertowel_uJ60T0cGEG.glb (37052 b)
OK   carrot_cut.glb (41492 b)
OK   jars.glb (118380 b)
OK   plate_small.glb (27800 b)
OK   potato_cut.glb (32264 b)
OK   lettuce_yC6B73sG9s.glb (38136 b)
OK   crate.glb (32148 b)
OK   dinner.glb (67928 b)
OK   pot_of_stew_zXG0jZ4QiC.glb (50244 b)
DONE ok=111 fail=0 / 111
